<?xml version="1.0" encoding="UTF-8"?>
<testsuite xmlns:xsi="http://www.w3.org/2001/XMLSchema-instance" xsi:noNamespaceSchemaLocation="https://maven.apache.org/surefire/maven-surefire-plugin/xsd/surefire-test-report-3.0.xsd" version="3.0" name="org.example.testRunner.runners" time="246.424" tests="15" errors="0" skipped="0" failures="5">
  <properties>
[...]
</properties>
  <testcase name="runScenario" classname="org.example.testRunner.runners" time="18.368"/>
  <testcase name="runScenario" classname="org.example.testRunner.runners" time="20.304">
    <failure message="The following asserts failed:&#10;	expected [true] but found [false]" type="java.lang.AssertionError"><![CDATA[java.lang.AssertionError: 
The following asserts failed:
	expected [true] but found [false]
]]></failure>
    <system-err><![CDATA[Starting ChromeDriver 108.0.5359.71 (1e0e3868ee06e91ad636a874420e3ca3ae3756ac-refs/branch-heads/5359@{#1016}) on port 54907
Only local connections are allowed.
Please see https://chromedriver.chromium.org/security-considerations for suggestions on keeping ChromeDriver safe.
ChromeDriver was started successfully.
Dec 14, 2022 1:42:41 PM org.openqa.selenium.remote.ProtocolHandshake createSession
INFO: Detected upstream dialect: W3C
Dec 14, 2022 1:42:41 PM org.openqa.selenium.devtools.CdpVersionFinder findNearestMatch
WARNING: Unable to find an exact match for CDP version 108, so returning the closest version found: 106
Dec 14, 2022 1:42:41 PM org.openqa.selenium.devtools.CdpVersionFinder findNearestMatch
INFO: Found CDP implementation for version 108 of 106
]]></system-err>
  </testcase>
  <testcase name="runScenario" classname="org.example.testRunner.runners" time="15.271">
    <failure message="The following asserts failed:&#10;	expected [true] but found [false]" type="java.lang.AssertionError"><![CDATA[java.lang.AssertionError: 
The following asserts failed:
	expected [true] but found [false]
]]></failure>
    <system-err><![CDATA[Starting ChromeDriver 108.0.5359.71 (1e0e3868ee06e91ad636a874420e3ca3ae3756ac-refs/branch-heads/5359@{#1016}) on port 55413
Only local connections are allowed.
Please see https://chromedriver.chromium.org/security-considerations for suggestions on keeping ChromeDriver safe.
ChromeDriver was started successfully.
Dec 14, 2022 1:43:01 PM org.openqa.selenium.remote.ProtocolHandshake createSession
INFO: Detected upstream dialect: W3C
Dec 14, 2022 1:43:01 PM org.openqa.selenium.devtools.CdpVersionFinder findNearestMatch
WARNING: Unable to find an exact match for CDP version 108, so returning the closest version found: 106
Dec 14, 2022 1:43:01 PM org.openqa.selenium.devtools.CdpVersionFinder findNearestMatch
INFO: Found CDP implementation for version 108 of 106
]]></system-err>
  </testcase>
  <testcase name="runScenario" classname="org.example.testRunner.runners" time="19.531">
    <failure message="The following asserts failed:&#10;	expected [true] but found [false]" type="java.lang.AssertionError"><![CDATA[java.lang.AssertionError: 
The following asserts failed:
	expected [true] but found [false]
]]></failure>
    <system-out><![CDATA[ Item Price : $245.00

@smoke
Scenario: User could register with valid data                                           &amp#27;[90m# src/main/resources/features/F11-Registration.feature:8&amp#27;[0m
  &amp#27;[32mGiven &amp#27;[0m&amp#27;[32muser go to register page&amp#27;[0m                                                        &amp#27;[90m# org.example.stepDefs.D1_Registre.registerPage()&amp#27;[0m
  &amp#27;[32mThen &amp#27;[0m&amp#27;[32muser select gender type&amp#27;[0m                                                          &amp#27;[90m# org.example.stepDefs.D1_Registre.userSelectGenderType()&amp#27;[0m
  &amp#27;[32mAnd &amp#27;[0m&amp#27;[32muser enter first name &amp#27;[0m&amp#27;[32m&amp#27;[1m"Example1"&amp#27;[0m&amp#27;[32m and last name &amp#27;[0m&amp#27;[32m&amp#27;[1m"Example2"&amp#27;[0m                         &amp#27;[90m# org.example.stepDefs.D1_Registre.userEnterFirstNameAndLastName(java.lang.String,java.lang.String)&amp#27;[0m
  &amp#27;[32mThen &amp#27;[0m&amp#27;[32muser enter date of birth&amp#27;[0m                                                         &amp#27;[90m# org.example.stepDefs.D1_Registre.userEnterDateOfBirth()&amp#27;[0m
  &amp#27;[32mThen &amp#27;[0m&amp#27;[32muser enter email &amp#27;[0m&amp#27;[32m&amp#27;[1m"1test251@example.com"&amp#27;[0m&amp#27;[32m field and company name and check options&amp#27;[0m &amp#27;[90m# org.example.stepDefs.D1_Registre.userEnterEmailField(java.lang.String)&amp#27;[0m
  &amp#27;[32mAnd &amp#27;[0m&amp#27;[32muser enter Password fields &amp#27;[0m&amp#27;[32m&amp#27;[1m"P@ssw0rd"&amp#27;[0m&amp#27;[32m &amp#27;[0m&amp#27;[32m&amp#27;[1m"P@ssw0rd"&amp#27;[0m                                  &amp#27;[90m# org.example.stepDefs.D1_Registre.userEnterPassword(java.lang.String,java.lang.String)&amp#27;[0m
  &amp#27;[32mThen &amp#27;[0m&amp#27;[32muser clicks on register button&amp#27;[0m                                                   &amp#27;[90m# org.example.stepDefs.D1_Registre.userClicksBut()&amp#27;[0m
  &amp#27;[32mThen &amp#27;[0m&amp#27;[32msuccess message is displayed in Screen&amp#27;[0m                                           &amp#27;[90m# org.example.stepDefs.D1_Registre.successMsgIsShown()&amp#27;[0m

@smoke
Scenario: Logged user could add different products to Wishlist         &amp#27;[90m# src/main/resources/features/F110-Wishlist.feature:10&amp#27;[0m
  &amp#27;[32mGiven &amp#27;[0m&amp#27;[32muser go to login page&amp#27;[0m                                          &amp#27;[90m# org.example.stepDefs.D2_Login.loginPage()&amp#27;[0m
  &amp#27;[32mThen &amp#27;[0m&amp#27;[32muser enter email &amp#27;[0m&amp#27;[32m&amp#27;[1m"1test251@example.com"&amp#27;[0m&amp#27;[32m and Password &amp#27;[0m&amp#27;[32m&amp#27;[1m"P@ssw0rd"&amp#27;[0m &amp#27;[90m# org.example.stepDefs.D2_Login.userEnterEmailAndPassword(java.lang.String,java.lang.String)&amp#27;[0m
  &amp#27;[32mWhen &amp#27;[0m&amp#27;[32muser clicks on login button&amp#27;[0m                                     &amp#27;[90m# org.example.stepDefs.D2_Login.userClicksOnLoginButton()&amp#27;[0m
  &amp#27;[32mGiven &amp#27;[0m&amp#27;[32muser select Apparel and go to sub category Shoes&amp#27;[0m               &amp#27;[90m# org.example.stepDefs.D7_Filter.userSelectApparelAndGoToSubCategoryShoes()&amp#27;[0m
  &amp#27;[32mThen &amp#27;[0m&amp#27;[32muser select color red from CheckBox&amp#27;[0m                             &amp#27;[90m# org.example.stepDefs.D7_Filter.uesrSelectColorRedFromCheckBox()&amp#27;[0m
  &amp#27;[32mThen &amp#27;[0m&amp#27;[32muser select size and color&amp#27;[0m                                      &amp#27;[90m# org.example.stepDefs.D9_Shoping.userSelectSizeAndColor()&amp#27;[0m
  &amp#27;[31mThen &amp#27;[0m&amp#27;[31muser add item to Wishlist&amp#27;[0m                                       &amp#27;[90m# org.example.stepDefs.D10_Wish.userAddItemToWishlist()&amp#27;[0m
      &amp#27;[31mjava.lang.AssertionError: The following asserts failed:
	expected [true] but found [false]
	at org.testng.asserts.SoftAssert.assertAll(SoftAssert.java:46)
	at org.testng.asserts.SoftAssert.assertAll(SoftAssert.java:30)
	at org.example.stepDefs.D10_Wish.userAddItemToWishlist(D10_Wish.java:22)
	at âœ½.user add item to Wishlist(file:///C:/Users/DELL/Desktop/demonopcommerceProject112/src/main/resources/features/F110-Wishlist.feature:14)
&amp#27;[0m
  &amp#27;[36mThen &amp#27;[0m&amp#27;[36muser select Computers and go to sub category Software&amp#27;[0m           &amp#27;[90m# org.example.stepDefs.D6_Category.userSelectComputersAndGoToSubCategorySoftware()&amp#27;[0m
  &amp#27;[36mAnd &amp#27;[0m&amp#27;[36muser select Windows-8-Pro and added to Wishlist&amp#27;[0m                  &amp#27;[90m# org.example.stepDefs.D10_Wish.userSelectWindowsWishlist()&amp#27;[0m

@smoke
Scenario: Logged user could add different products to compare list     &amp#27;[90m# src/main/resources/features/F111-Compare .feature:12&amp#27;[0m
  &amp#27;[32mGiven &amp#27;[0m&amp#27;[32muser go to login page&amp#27;[0m                                          &amp#27;[90m# org.example.stepDefs.D2_Login.loginPage()&amp#27;[0m
  &amp#27;[32mThen &amp#27;[0m&amp#27;[32muser enter email &amp#27;[0m&amp#27;[32m&amp#27;[1m"1test251@example.com"&amp#27;[0m&amp#27;[32m and Password &amp#27;[0m&amp#27;[32m&amp#27;[1m"P@ssw0rd"&amp#27;[0m &amp#27;[90m# org.example.stepDefs.D2_Login.userEnterEmailAndPassword(java.lang.String,java.lang.String)&amp#27;[0m
  &amp#27;[32mWhen &amp#27;[0m&amp#27;[32muser clicks on login button&amp#27;[0m                                     &amp#27;[90m# org.example.stepDefs.D2_Login.userClicksOnLoginButton()&amp#27;[0m
  &amp#27;[32mGiven &amp#27;[0m&amp#27;[32muser go to Electronics category&amp#27;[0m                                &amp#27;[90m# org.example.stepDefs.D9_Shoping.userGoToElectronicsCategory()&amp#27;[0m
  &amp#27;[32mAnd &amp#27;[0m&amp#27;[32muser select Cell phones Subcategory&amp#27;[0m                              &amp#27;[90m# org.example.stepDefs.D9_Shoping.userSelectCellPhonesSubcategory()&amp#27;[0m
  &amp#27;[32mThen &amp#27;[0m&amp#27;[32muser select Mobile HTC One M-8&amp#27;[0m                                  &amp#27;[90m# org.example.stepDefs.D9_Shoping.userSelectMobileHTCOneM()&amp#27;[0m
  &amp#27;[31mThen &amp#27;[0m&amp#27;[31muser add mobile to compare list&amp#27;[0m                                 &amp#27;[90m# org.example.stepDefs.D11_Compare.userAddMobileToCompareList()&amp#27;[0m
      &amp#27;[31mjava.lang.AssertionError: The following asserts failed:
	expected [true] but found [false]
	at org.testng.asserts.SoftAssert.assertAll(SoftAssert.java:46)
	at org.testng.asserts.SoftAssert.assertAll(SoftAssert.java:30)
	at org.example.stepDefs.D11_Compare.userAddMobileToCompareList(D11_Compare.java:22)
	at âœ½.user add mobile to compare list(file:///C:/Users/DELL/Desktop/demonopcommerceProject112/src/main/resources/features/F111-Compare%20.feature:16)
&amp#27;[0m
  &amp#27;[36mThen &amp#27;[0m&amp#27;[36muser go to Electronics category&amp#27;[0m                                 &amp#27;[90m# org.example.stepDefs.D9_Shoping.userGoToElectronicsCategory()&amp#27;[0m
  &amp#27;[36mAnd &amp#27;[0m&amp#27;[36muser select Cell phones Subcategory&amp#27;[0m                              &amp#27;[90m# org.example.stepDefs.D9_Shoping.userSelectCellPhonesSubcategory()&amp#27;[0m
  &amp#27;[36mThen &amp#27;[0m&amp#27;[36muser select Mobile HTC One Mini Blue&amp#27;[0m                            &amp#27;[90m# org.example.stepDefs.D9_Shoping.userSelectMobileHTCOneMiniBlue()&amp#27;[0m
  &amp#27;[36mThen &amp#27;[0m&amp#27;[36muser go to Compare Page&amp#27;[0m                                         &amp#27;[90m# org.example.stepDefs.D11_Compare.userGoToComparePage()&amp#27;[0m

@smoke
Scenario: Logged user can Create successful Order                      &amp#27;[90m# src/main/resources/features/F112-SuccessfulOrder.feature:9&amp#27;[0m
  &amp#27;[32mGiven &amp#27;[0m&amp#27;[32muser go to login page&amp#27;[0m                                          &amp#27;[90m# org.example.stepDefs.D2_Login.loginPage()&amp#27;[0m
  &amp#27;[32mThen &amp#27;[0m&amp#27;[32muser enter email &amp#27;[0m&amp#27;[32m&amp#27;[1m"1test251@example.com"&amp#27;[0m&amp#27;[32m and Password &amp#27;[0m&amp#27;[32m&amp#27;[1m"P@ssw0rd"&amp#27;[0m &amp#27;[90m# org.example.stepDefs.D2_Login.userEnterEmailAndPassword(java.lang.String,java.lang.String)&amp#27;[0m
  &amp#27;[32mWhen &amp#27;[0m&amp#27;[32muser clicks on login button&amp#27;[0m                                     &amp#27;[90m# org.example.stepDefs.D2_Login.userClicksOnLoginButton()&amp#27;[0m
  &amp#27;[32mThen &amp#27;[0m&amp#27;[32muser go to Electronics category&amp#27;[0m                                 &amp#27;[90m# org.example.stepDefs.D9_Shoping.userGoToElectronicsCategory()&amp#27;[0m
  &amp#27;[32mAnd &amp#27;[0m&amp#27;[32muser select Cell phones Subcategory&amp#27;[0m                              &amp#27;[90m# org.example.stepDefs.D9_Shoping.userSelectCellPhonesSubcategory()&amp#27;[0m
  &amp#27;[32mThen &amp#27;[0m&amp#27;[32muser select Mobile HTC One M-8&amp#27;[0m                                  &amp#27;[90m# org.example.stepDefs.D9_Shoping.userSelectMobileHTCOneM()&amp#27;[0m
  &amp#27;[32mThen &amp#27;[0m&amp#27;[32muser add mobiles to Quantity&amp#27;[0m                                    &amp#27;[90m# org.example.stepDefs.D9_Shoping.userAddMobilesToQuantity()&amp#27;[0m
  &amp#27;[31mThen &amp#27;[0m&amp#27;[31muser add mobile to Shopping cart&amp#27;[0m                                &amp#27;[90m# org.example.stepDefs.D9_Shoping.userAddMobileToShoppingCart()&amp#27;[0m
      &amp#27;[31mjava.lang.AssertionError: The following asserts failed:
	expected [true] but found [false]
	at org.testng.asserts.SoftAssert.assertAll(SoftAssert.java:46)
	at org.testng.asserts.SoftAssert.assertAll(SoftAssert.java:30)
	at org.example.stepDefs.D9_Shoping.userAddMobileToShoppingCart(D9_Shoping.java:70)
	at âœ½.user add mobile to Shopping cart(file:///C:/Users/DELL/Desktop/demonopcommerceProject112/src/main/resources/features/F112-Succ]]></system-out>
    <system-err><![CDATA[Starting ChromeDriver 108.0.5359.71 (1e0e3868ee06e91ad636a874420e3ca3ae3756ac-refs/branch-heads/5359@{#1016}) on port 62773
Only local connections are allowed.
Please see https://chromedriver.chromium.org/security-considerations for suggestions on keeping ChromeDriver safe.
ChromeDriver was started successfully.
Dec 14, 2022 1:43:17 PM org.openqa.selenium.remote.ProtocolHandshake createSession
INFO: Detected upstream dialect: W3C
Dec 14, 2022 1:43:17 PM org.openqa.selenium.devtools.CdpVersionFinder findNearestMatch
WARNING: Unable to find an exact match for CDP version 108, so returning the closest version found: 106
Dec 14, 2022 1:43:17 PM org.openqa.selenium.devtools.CdpVersionFinder findNearestMatch
INFO: Found CDP implementation for version 108 of 106
]]></system-err>
  </testcase>
  <testcase name="runScenario" classname="org.example.testRunner.runners" time="17.693"/>
  <testcase name="runScenario" classname="org.example.testRunner.runners" time="13.374"/>
  <testcase name="runScenario" classname="org.example.testRunner.runners" time="10.674"/>
  <testcase name="runScenario" classname="org.example.testRunner.runners" time="10.864"/>
  <testcase name="runScenario" classname="org.example.testRunner.runners" time="11.269"/>
  <testcase name="runScenario" classname="org.example.testRunner.runners" time="11.687"/>
  <testcase name="runScenario" classname="org.example.testRunner.runners" time="27.336"/>
  <testcase name="runScenario" classname="org.example.testRunner.runners" time="13.381"/>
  <testcase name="runScenario" classname="org.example.testRunner.runners" time="16.212"/>
  <testcase name="runScenario" classname="org.example.testRunner.runners" time="19.693">
    <failure message="The following asserts failed:&#10;	expected [true] but found [false]" type="java.lang.AssertionError"><![CDATA[java.lang.AssertionError: 
The following asserts failed:
	expected [true] but found [false]
]]></failure>
    <system-out><![CDATA[Itemes :€23.70
]]></system-out>
    <system-err><![CDATA[Starting ChromeDriver 108.0.5359.71 (1e0e3868ee06e91ad636a874420e3ca3ae3756ac-refs/branch-heads/5359@{#1016}) on port 60240
Only local connections are allowed.
Please see https://chromedriver.chromium.org/security-considerations for suggestions on keeping ChromeDriver safe.
ChromeDriver was started successfully.
Dec 14, 2022 1:45:49 PM org.openqa.selenium.remote.ProtocolHandshake createSession
INFO: Detected upstream dialect: W3C
Dec 14, 2022 1:45:49 PM org.openqa.selenium.devtools.CdpVersionFinder findNearestMatch
WARNING: Unable to find an exact match for CDP version 108, so returning the closest version found: 106
Dec 14, 2022 1:45:49 PM org.openqa.selenium.devtools.CdpVersionFinder findNearestMatch
INFO: Found CDP implementation for version 108 of 106
]]></system-err>
  </testcase>
  <testcase name="runScenario" classname="org.example.testRunner.runners" time="19.535">
    <failure message="The following asserts failed:&#10;	expected [true] but found [false]" type="java.lang.AssertionError"><![CDATA[java.lang.AssertionError: 
The following asserts failed:
	expected [true] but found [false]
]]></failure>
    <system-out><![CDATA[ Item Price : €210.70
]]></system-out>
    <system-err><![CDATA[Starting ChromeDriver 108.0.5359.71 (1e0e3868ee06e91ad636a874420e3ca3ae3756ac-refs/branch-heads/5359@{#1016}) on port 62722
Only local connections are allowed.
Please see https://chromedriver.chromium.org/security-considerations for suggestions on keeping ChromeDriver safe.
ChromeDriver was started successfully.
Dec 14, 2022 1:46:08 PM org.openqa.selenium.remote.ProtocolHandshake createSession
INFO: Detected upstream dialect: W3C
Dec 14, 2022 1:46:08 PM org.openqa.selenium.devtools.CdpVersionFinder findNearestMatch
WARNING: Unable to find an exact match for CDP version 108, so returning the closest version found: 106
Dec 14, 2022 1:46:08 PM org.openqa.selenium.devtools.CdpVersionFinder findNearestMatch
INFO: Found CDP implementation for version 108 of 106
]]></system-err>
  </testcase>
</testsuite>